## SLURM PROLOG ###############################################################
##    Job ID : 13549277
##  Job Name : my_gpu_job
##  Nodelist : gpu1402
##      CPUs : 
##  Mem/Node : 65536 MB
## Directory : /oscar/scratch/aparasel/bias-search
##   Job Started : Sat Oct 25 12:51:32 PM EDT 2025
###############################################################################
/users/aparasel/.conda/envs/patchscopes-llava/bin/python
Python 3.10.13
Sat Oct 25 12:51:34 2025       
+---------------------------------------------------------------------------------------+
| NVIDIA-SMI 535.129.03             Driver Version: 535.129.03   CUDA Version: 12.2     |
|-----------------------------------------+----------------------+----------------------+
| GPU  Name                 Persistence-M | Bus-Id        Disp.A | Volatile Uncorr. ECC |
| Fan  Temp   Perf          Pwr:Usage/Cap |         Memory-Usage | GPU-Util  Compute M. |
|                                         |                      |               MIG M. |
|=========================================+======================+======================|
|   0  NVIDIA TITAN RTX               On  | 00000000:3D:00.0 Off |                  N/A |
| 41%   31C    P8              29W / 280W |     30MiB / 24576MiB |      0%      Default |
|                                         |                      |                  N/A |
+-----------------------------------------+----------------------+----------------------+
                                                                                         
+---------------------------------------------------------------------------------------+
| Processes:                                                                            |
|  GPU   GI   CI        PID   Type   Process name                            GPU Memory |
|        ID   ID                                                             Usage      |
|=======================================================================================|
|    0   N/A  N/A     29134      G   /usr/libexec/Xorg                            27MiB |
+---------------------------------------------------------------------------------------+
Loading model
Model loaded
Image0
Image1
Image2
Image3
Image4
Image5
Image6
Image7
Image8
Image9
Image10
Image11
Image12
Image13
Image14
Image15
Image16
Image17
Image18
Image19
Image20
Image21
Image22
Image23
Image24
Image25
Image26
Image27
Image28
Image29
Image30
Image31
Image32
Image33
Image34
Image35
Image36
Image37
Image38
Image39
Image40
Image41
Image42
Image43
Image44
Image45
Image46
Image47
Image48
Image49
Image50
Image51
Image52
Image53
Image54
Image55
Image56
Image57
Image58
Image59
Image60
Image61
Image62
Image63
Image64
Image65
Image66
Image67
Image68
Image69
Image70
Image71
Image72
Image73
Image74
Image75
Image76
Image77
Image78
Image79
Image80
Image81
Image82
Image83
Image84
Image85
Image86
Image87
Image88
Image89
Image90
Image91
Image92
Image93
Image94
Image95
Image96
Image97
Image98
Image99
Image100
Image101
Image102
Image103
Image104
Image105
Image106
Image107
Image108
Image109
Image110
Image111
Image112
Image113
Image114
Image115
Image116
Image117
Image118
Image119
Image120
Image121
Image122
Image123
Image124
Image125
Image126
Image127
Image128
Image129
Image130
Image131
Image132
Image133
Image134
Image135
Image136
Image137
Image138
Image139
Image140
Image141
Image142
Image143
Image144
Image145
Image146
Image147
Image148
Image149
Image150
Image151
Image152
Image153
Image154
Image155
Image156
Image157
Image158
Image159
Image160
Image161
Image162
Image163
Image164
Image165
Image166
Image167
Image168
Image169
Image170
Image171
Image172
Image173
Image174
Image175
Image176
Image177
Image178
Image179
Image180
Image181
Image182
Image183
Image184
Image185
Image186
Image187
Image188
Image189
Image190
Image191
Image192
Image193
Image194
Image195
Image196
Image197
Image198
Image199
Image200
Image201
Image202
Image203
Image204
Image205
Image206
Image207
Image208
Image209
Image210
Image211
Image212
Image213
Image214
Image215
Image216
Image217
Image218
Image219
Image220
Image221
Image222
Image223
Image224
Image225
Image226
Image227
Image228
Image229
Image230
Image231
Image232
Image233
Image234
Image235
Image236
Image237
Image238
Image239
Image240
Image241
Image242
Image243
Image244
Image245
Image246
Image247
Image248
Image249
Image250
Image251
Image252
Image253
Image254
Image255
Image256
Image257
Image258
Image259
Image260
Image261
Image262
Image263
Image264
Image265
Image266
Image267
Image268
Image269
Image270
Image271
Image272
Image273
Image274
Image275
Image276
Image277
Image278
Image279
Image280
Image281
Image282
Image283
Image284
Image285
Image286
Image287
Image288
Image289
Image290
Image291
Image292
Image293
Image294
Image295
Image296
Image297
Image298
Image299
Image300
Image301
Image302
Image303
Image304
Image305
Image306
Image307
Image308
Image309
Image310
Image311
Image312
Image313
Image314
Image315
Image316
Image317
Image318
Image319
Image320
Image321
Image322
Image323
Image324
Image325
Image326
Image327
Image328
Image329
Image330
Image331
Image332
Image333
Image334
Image335
Image336
Image337
Image338
Image339
Image340
Image341
Image342
Image343
Image344
Image345
Image346
Image347
Image348
Image349
Image350
Image351
Image352
Image353
Image354
Image355
Image356
Image357
Image358
Image359
Image360
Image361
Image362
Image363
Image364
Image365
Image366
Image367
Image368
Image369
Image370
Image371
Image372
Image373
Image374
Image375
Image376
Image377
Image378
Image379
Image380
Image381
Image382
Image383
Image384
Image385
Image386
Image387
Image388
Image389
Image390
Image391
Image392
Image393
Image394
Image395
Image396
Image397
Image398
Image399
Image400
Image401
Image402
Image403
Image404
Image405
Image406
Image407
Image408
Image409
Image410
Image411
Image412
Image413
Image414
Image415
Image416
Image417
Image418
Image419
Image420
Image421
Image422
Image423
Image424
Image425
Image426
Image427
Image428
Image429
Image430
Image431
Image432
Image433
Image434
Image435
Image436
Image437
Image438
Image439
Image440
Image441
Image442
Image443
Image444
Image445
Image446
Image447
Image448
Image449
Image450
Image451
Image452
Image453
Image454
Image455
Image456
Image457
Image458
Image459
Image460
Image461
Image462
Image463
Image464
Image465
Image466
Image467
Image468
Image469
Image470
Image471
Image472
Image473
Image474
Image475
Image476
Image477
Image478
Image479
Image480
Image481
Image482
Image483
Image484
Image485
Image486
Image487
Image488
Image489
Image490
Image491
Image492
Image493
Image494
Image495
Image496
Image497
Image498
Image499
Image500
Image501
Image502
Image503
Image504
Image505
Image506
Image507
Image508
Image509
Image510
Image511
Image512
Image513
Image514
Image515
Image516
Image517
Image518
Image519
Image520
Image521
Image522
Image523
Image524
Image525
Image526
Image527
Image528
Image529
Image530
Image531
Image532
Image533
Image534
Image535
Image536
Image537
Image538
Image539
Image540
Image541
Image542
Image543
Image544
Image545
Image546
Image547
Image548
Image549
Image550
Image551
Image552
Image553
Image554
Image555
Image556
Image557
Image558
Image559
Image560
Image561
Image562
Image563
Image564
Image565
Image566
Image567
Image568
Image569
Image570
Image571
Image572
Image573
Image574
Image575
Image576
Image577
Image578
Image579
Image580
Image581
Image582
Image583
Image584
Image585
Image586
Image587
Image588
Image589
Image590
Image591
Image592
Image593
Image594
Image595
Image596
Image597
Image598
Image599
Image600
Image601
Image602
Image603
Image604
Image605
Image606
Image607
Image608
Image609
Image610
Image611
Image612
Image613
Image614
Image615
Image616
Image617
Image618
Image619
Image620
Image621
Image622
Image623
Image624
Image625
Image626
Image627
Image628
Image629
Image630
Image631
Image632
Image633
Image634
Image635
Image636
Image637
Image638
Image639
Image640
Image641
Image642
Image643
Image644
Image645
Image646
Image647
Image648
Image649
Image650
Image651
Image652
Image653
Image654
Image655
Image656
Image657
Image658
Image659
Image660
Image661
Image662
Image663
Image664
Image665
Image666
Image667
Image668
Image669
Image670
Image671
Image672
Image673
Image674
Image675
Image676
Image677
Image678
Image679
Image680
Image681
Image682
Image683
Image684
Image685
Image686
Image687
Image688
Image689
Image690
Image691
Image692
Image693
Image694
Image695
Image696
Image697
Image698
Image699
Image700
Image701
Image702
Image703
Image704
Image705
Image706
Image707
Image708
Image709
Image710
Image711
Image712
Image713
Image714
Image715
Image716
Image717
Image718
Image719
Image720
Image721
Image722
Image723
Image724
Image725
Image726
Image727
Image728
Image729
Image730
Image731
Image732
Image733
Image734
Image735
Image736
Image737
Image738
Image739
Image740
Image741
Image742
Image743
Image744
Image745
Image746
Image747
Image748
Image749
Image750
Image751
Image752
Image753
Image754
Image755
Image756
Image757
Image758
Image759
Image760
Image761
Image762
Image763
Image764
Image765
Image766
Image767
Image768
Image769
Image770
Image771
Image772
Image773
Image774
Image775
Image776
Image777
Image778
Image779
Image780
Image781
Image782
Image783
Image784
Image785
Image786
Image787
Image788
Image789
Image790
Image791

