## SLURM PROLOG ###############################################################
##    Job ID : 13288110
##  Job Name : my_gpu_job
##  Nodelist : gpu1401
##      CPUs : 
##  Mem/Node : 65536 MB
## Directory : /oscar/scratch/aparasel/interpretability/patchscopes/code
##   Job Started : Sun Oct 12 14:12:28 EDT 2025
###############################################################################
/oscar/runtime/software/external/miniconda3/23.11.0/bin/python
Python 3.10.9
Sun Oct 12 14:12:31 2025       
+---------------------------------------------------------------------------------------+
| NVIDIA-SMI 535.129.03             Driver Version: 535.129.03   CUDA Version: 12.2     |
|-----------------------------------------+----------------------+----------------------+
| GPU  Name                 Persistence-M | Bus-Id        Disp.A | Volatile Uncorr. ECC |
| Fan  Temp   Perf          Pwr:Usage/Cap |         Memory-Usage | GPU-Util  Compute M. |
|                                         |                      |               MIG M. |
|=========================================+======================+======================|
|   0  NVIDIA TITAN RTX               On  | 00000000:3D:00.0 Off |                  N/A |
| 41%   26C    P8              10W / 280W |     15MiB / 24576MiB |      0%      Default |
|                                         |                      |                  N/A |
+-----------------------------------------+----------------------+----------------------+
                                                                                         
+---------------------------------------------------------------------------------------+
| Processes:                                                                            |
|  GPU   GI   CI        PID   Type   Process name                            GPU Memory |
|        ID   ID                                                             Usage      |
|=======================================================================================|
|    0   N/A  N/A     29210      G   /usr/libexec/Xorg                            13MiB |
+---------------------------------------------------------------------------------------+
