## SLURM PROLOG ###############################################################
##    Job ID : 13589492
##  Job Name : my_gpu_job
##  Nodelist : gpu2005
##      CPUs : 
##  Mem/Node : 65536 MB
## Directory : /oscar/scratch/aparasel/bias-search
##   Job Started : Wed Oct 29 12:01:58 AM EDT 2025
###############################################################################
/users/aparasel/.conda/envs/patchscopes-llava/bin/python
Python 3.10.13
Wed Oct 29 00:02:01 2025       
+---------------------------------------------------------------------------------------+
| NVIDIA-SMI 535.129.03             Driver Version: 535.129.03   CUDA Version: 12.2     |
|-----------------------------------------+----------------------+----------------------+
| GPU  Name                 Persistence-M | Bus-Id        Disp.A | Volatile Uncorr. ECC |
| Fan  Temp   Perf          Pwr:Usage/Cap |         Memory-Usage | GPU-Util  Compute M. |
|                                         |                      |               MIG M. |
|=========================================+======================+======================|
|   0  Quadro RTX 6000                On  | 00000000:3D:00.0 Off |                  Off |
| 33%   25C    P8               3W / 260W |     29MiB / 24576MiB |      0%      Default |
|                                         |                      |                  N/A |
+-----------------------------------------+----------------------+----------------------+
                                                                                         
+---------------------------------------------------------------------------------------+
| Processes:                                                                            |
|  GPU   GI   CI        PID   Type   Process name                            GPU Memory |
|        ID   ID                                                             Usage      |
|=======================================================================================|
|    0   N/A  N/A     30530      G   /usr/libexec/Xorg                            26MiB |
+---------------------------------------------------------------------------------------+
