## SLURM PROLOG ###############################################################
##    Job ID : 13589484
##  Job Name : my_gpu_job
##  Nodelist : gpu2003
##      CPUs : 
##  Mem/Node : 65536 MB
## Directory : /oscar/scratch/aparasel/bias-search
##   Job Started : Tue Oct 28 23:55:28 EDT 2025
###############################################################################
/oscar/runtime/software/external/miniconda3/23.11.0/bin/python
Python 3.10.9
Tue Oct 28 23:55:30 2025       
+---------------------------------------------------------------------------------------+
| NVIDIA-SMI 535.129.03             Driver Version: 535.129.03   CUDA Version: 12.2     |
|-----------------------------------------+----------------------+----------------------+
| GPU  Name                 Persistence-M | Bus-Id        Disp.A | Volatile Uncorr. ECC |
| Fan  Temp   Perf          Pwr:Usage/Cap |         Memory-Usage | GPU-Util  Compute M. |
|                                         |                      |               MIG M. |
|=========================================+======================+======================|
|   0  Quadro RTX 6000                On  | 00000000:3E:00.0 Off |                  Off |
| 34%   28C    P8              19W / 260W |     26MiB / 24576MiB |      0%      Default |
|                                         |                      |                  N/A |
+-----------------------------------------+----------------------+----------------------+
                                                                                         
+---------------------------------------------------------------------------------------+
| Processes:                                                                            |
|  GPU   GI   CI        PID   Type   Process name                            GPU Memory |
|        ID   ID                                                             Usage      |
|=======================================================================================|
|    0   N/A  N/A     30514      G   /usr/libexec/Xorg                            24MiB |
+---------------------------------------------------------------------------------------+
