## SLURM PROLOG ###############################################################
##    Job ID : 13554323
##  Job Name : my_gpu_job
##  Nodelist : gpu2113
##      CPUs : 
##  Mem/Node : 65536 MB
## Directory : /oscar/scratch/aparasel/bias-search
##   Job Started : Sun Oct 26 09:44:53 PM EDT 2025
###############################################################################
/users/aparasel/.conda/envs/patchscopes-llava/bin/python
Python 3.10.13
Sun Oct 26 21:44:55 2025       
+---------------------------------------------------------------------------------------+
| NVIDIA-SMI 535.129.03             Driver Version: 535.129.03   CUDA Version: 12.2     |
|-----------------------------------------+----------------------+----------------------+
| GPU  Name                 Persistence-M | Bus-Id        Disp.A | Volatile Uncorr. ECC |
| Fan  Temp   Perf          Pwr:Usage/Cap |         Memory-Usage | GPU-Util  Compute M. |
|                                         |                      |               MIG M. |
|=========================================+======================+======================|
|   0  NVIDIA GeForce RTX 3090        On  | 00000000:A1:00.0 Off |                  N/A |
| 30%   29C    P8              24W / 350W |     21MiB / 24576MiB |      0%      Default |
|                                         |                      |                  N/A |
+-----------------------------------------+----------------------+----------------------+
                                                                                         
+---------------------------------------------------------------------------------------+
| Processes:                                                                            |
|  GPU   GI   CI        PID   Type   Process name                            GPU Memory |
|        ID   ID                                                             Usage      |
|=======================================================================================|
|    0   N/A  N/A     51696      G   /usr/libexec/Xorg                            13MiB |
+---------------------------------------------------------------------------------------+
Loading model
Model loaded
Image0
Image1
Image2
Image3
Image4
Image5
Image6
Image7
Image8
Image9
Image10
Image11
Image12
Image13
Image14
Image15
Image16
Image17
Image18
Image19
Image20
Image21
Image22
Image23
Image24
Image25
Image26
Image27
Image28
Image29
Image30
Image31
Image32
Image33
Image34
Image35
Image36
Image37
Image38
Image39
Image40
Image41
Image42
Image43
Image44
Image45
Image46
Image47
Image48
Image49
Image50
Image51
Image52
Image53
Image54
Image55
Image56
Image57
Image58
Image59

