## SLURM PROLOG ###############################################################
##    Job ID : 13288160
##  Job Name : my_gpu_job
##  Nodelist : gpu1401
##      CPUs : 
##  Mem/Node : 65536 MB
## Directory : /oscar/scratch/aparasel/interpretability/patchscopes/code
##   Job Started : Sun Oct 12 14:18:46 EDT 2025
###############################################################################
/oscar/runtime/software/external/miniconda3/23.11.0/bin/python
Python 3.10.9
Sun Oct 12 14:18:48 2025       
+---------------------------------------------------------------------------------------+
| NVIDIA-SMI 535.129.03             Driver Version: 535.129.03   CUDA Version: 12.2     |
|-----------------------------------------+----------------------+----------------------+
| GPU  Name                 Persistence-M | Bus-Id        Disp.A | Volatile Uncorr. ECC |
| Fan  Temp   Perf          Pwr:Usage/Cap |         Memory-Usage | GPU-Util  Compute M. |
|                                         |                      |               MIG M. |
|=========================================+======================+======================|
|   0  NVIDIA TITAN RTX               On  | 00000000:3D:00.0 Off |                  N/A |
| 41%   41C    P8              12W / 280W |     15MiB / 24576MiB |      0%      Default |
|                                         |                      |                  N/A |
+-----------------------------------------+----------------------+----------------------+
                                                                                         
+---------------------------------------------------------------------------------------+
| Processes:                                                                            |
|  GPU   GI   CI        PID   Type   Process name                            GPU Memory |
|        ID   ID                                                             Usage      |
|=======================================================================================|
|    0   N/A  N/A     29210      G   /usr/libexec/Xorg                            13MiB |
+---------------------------------------------------------------------------------------+
(1000, 42)
     image_id  ...                                         image_path
0  000001.jpg  ...  /users/aparasel/scratch/temp_data/img_align_ce...
1  000002.jpg  ...  /users/aparasel/scratch/temp_data/img_align_ce...
2  000003.jpg  ...  /users/aparasel/scratch/temp_data/img_align_ce...
3  000004.jpg  ...  /users/aparasel/scratch/temp_data/img_align_ce...
4  000005.jpg  ...  /users/aparasel/scratch/temp_data/img_align_ce...

[5 rows x 42 columns]
Loading model 
LLAVA Model loaded :)

